

*******************************************************************************
Fri Dec 10 16:55:53 2021


FIT:    data read from 'dd_dblp.dat' using (log($1)):(log($2))
        format = x:z
        #datapoints = 199
        residuals are weighted equally (unit weight)

function used for fitting: f(x)
	f(x) = lc - gamma * x
fitted parameters initialized with current variable values

iter      chisq       delta/lim  lambda   lc            gamma        
   0 7.9039213112e+03   0.00e+00  3.22e+00    1.000000e+00   1.000000e+00
   4 7.3562572818e+01  -1.58e-08  3.22e-04    2.342979e+00   2.705555e+00

After 4 iterations the fit converged.
final sum of squares of residuals : 73.5626
rel. change during last iteration : -1.58215e-13

degrees of freedom    (FIT_NDF)                        : 197
rms of residuals      (FIT_STDFIT) = sqrt(WSSR/ndf)    : 0.611076
variance of residuals (reduced chisquare) = WSSR/ndf   : 0.373414

Final set of parameters            Asymptotic Standard Error
=======================            ==========================
lc              = 2.34298          +/- 0.1971       (8.414%)
gamma           = 2.70556          +/- 0.04438      (1.64%)

correlation matrix of the fit parameters:
                lc     gamma  
lc              1.000 
gamma           0.976  1.000 


*******************************************************************************
Fri Dec 10 17:06:23 2021


FIT:    data read from 'dd_dblp.dat' using (log($1)):(log($2))
        format = x:z
        #datapoints = 199
        residuals are weighted equally (unit weight)

function used for fitting: f(x)
	f(x) = lc - gamma * x
fitted parameters initialized with current variable values

iter      chisq       delta/lim  lambda   lc            gamma        
   0 7.9039213112e+03   0.00e+00  3.22e+00    1.000000e+00   1.000000e+00
   4 7.3562572818e+01  -1.58e-08  3.22e-04    2.342979e+00   2.705555e+00

After 4 iterations the fit converged.
final sum of squares of residuals : 73.5626
rel. change during last iteration : -1.58215e-13

degrees of freedom    (FIT_NDF)                        : 197
rms of residuals      (FIT_STDFIT) = sqrt(WSSR/ndf)    : 0.611076
variance of residuals (reduced chisquare) = WSSR/ndf   : 0.373414

Final set of parameters            Asymptotic Standard Error
=======================            ==========================
lc              = 2.34298          +/- 0.1971       (8.414%)
gamma           = 2.70556          +/- 0.04438      (1.64%)

correlation matrix of the fit parameters:
                lc     gamma  
lc              1.000 
gamma           0.976  1.000 


*******************************************************************************
Fri Dec 10 17:06:27 2021


FIT:    data read from 'dd_dblp.dat' using (log($1)):(log($2))
        format = x:z
        #datapoints = 199
        residuals are weighted equally (unit weight)

function used for fitting: f(x)
	f(x) = lc - gamma * x
fitted parameters initialized with current variable values

iter      chisq       delta/lim  lambda   lc            gamma        
   0 7.9039213112e+03   0.00e+00  3.22e+00    1.000000e+00   1.000000e+00
   4 7.3562572818e+01  -1.58e-08  3.22e-04    2.342979e+00   2.705555e+00

After 4 iterations the fit converged.
final sum of squares of residuals : 73.5626
rel. change during last iteration : -1.58215e-13

degrees of freedom    (FIT_NDF)                        : 197
rms of residuals      (FIT_STDFIT) = sqrt(WSSR/ndf)    : 0.611076
variance of residuals (reduced chisquare) = WSSR/ndf   : 0.373414

Final set of parameters            Asymptotic Standard Error
=======================            ==========================
lc              = 2.34298          +/- 0.1971       (8.414%)
gamma           = 2.70556          +/- 0.04438      (1.64%)

correlation matrix of the fit parameters:
                lc     gamma  
lc              1.000 
gamma           0.976  1.000 


*******************************************************************************
Fri Dec 10 17:18:44 2021


FIT:    data read from 'dd_dblp.dat' using ($1):($2)
        format = x:z
        #datapoints = 199
        residuals are weighted equally (unit weight)

function used for fitting: f(x)
	f(x) = lc - gamma * x
fitted parameters initialized with current variable values

iter      chisq       delta/lim  lambda   lc            gamma        
   0 3.0340833490e+06   0.00e+00  8.79e+01    1.000000e+00   1.000000e+00
   5 8.8988901950e-02  -6.52e-05  8.79e-04    1.660871e-02   1.104997e-04

After 5 iterations the fit converged.
final sum of squares of residuals : 0.0889889
rel. change during last iteration : -6.51672e-10

degrees of freedom    (FIT_NDF)                        : 197
rms of residuals      (FIT_STDFIT) = sqrt(WSSR/ndf)    : 0.0212537
variance of residuals (reduced chisquare) = WSSR/ndf   : 0.00045172

Final set of parameters            Asymptotic Standard Error
=======================            ==========================
lc              = 0.0166087        +/- 0.002803     (16.88%)
gamma           = 0.0001105        +/- 2.254e-05    (20.4%)

correlation matrix of the fit parameters:
                lc     gamma  
lc              1.000 
gamma           0.843  1.000 


*******************************************************************************
Fri Dec 10 17:23:10 2021


FIT:    data read from 'dd_dblp.dat' using (norm($1)):(norm($2))
        format = x:z
        #datapoints = 199
        residuals are weighted equally (unit weight)

function used for fitting: f(x)
	f(x) = lc - gamma * x
fitted parameters initialized with current variable values

iter      chisq       delta/lim  lambda   lc            gamma        
   0 4.9986711874e+01   0.00e+00  1.00e+00    1.000000e+00   1.000000e+00
   4 1.1861988224e-02  -3.12e-01  1.00e-04    8.929753e-01   3.913350e-01

After 4 iterations the fit converged.
final sum of squares of residuals : 0.011862
rel. change during last iteration : -3.12207e-06

degrees of freedom    (FIT_NDF)                        : 197
rms of residuals      (FIT_STDFIT) = sqrt(WSSR/ndf)    : 0.00775971
variance of residuals (reduced chisquare) = WSSR/ndf   : 6.02131e-05

Final set of parameters            Asymptotic Standard Error
=======================            ==========================
lc              = 0.892975         +/- 0.04853      (5.435%)
gamma           = 0.391335         +/- 0.04857      (12.41%)

correlation matrix of the fit parameters:
                lc     gamma  
lc              1.000 
gamma           1.000  1.000 


*******************************************************************************
Fri Dec 10 17:25:17 2021


FIT:    data read from 'dd_dblp.dat' using ($1):($2)
        format = x:z
        #datapoints = 199
        residuals are weighted equally (unit weight)

function used for fitting: f(x)
	f(x) = lc - gamma * x
fitted parameters initialized with current variable values

iter      chisq       delta/lim  lambda   lc            gamma        
   0 3.0340833490e+06   0.00e+00  8.79e+01    1.000000e+00   1.000000e+00
   5 8.8988901950e-02  -6.52e-05  8.79e-04    1.660871e-02   1.104997e-04

After 5 iterations the fit converged.
final sum of squares of residuals : 0.0889889
rel. change during last iteration : -6.51672e-10

degrees of freedom    (FIT_NDF)                        : 197
rms of residuals      (FIT_STDFIT) = sqrt(WSSR/ndf)    : 0.0212537
variance of residuals (reduced chisquare) = WSSR/ndf   : 0.00045172

Final set of parameters            Asymptotic Standard Error
=======================            ==========================
lc              = 0.0166087        +/- 0.002803     (16.88%)
gamma           = 0.0001105        +/- 2.254e-05    (20.4%)

correlation matrix of the fit parameters:
                lc     gamma  
lc              1.000 
gamma           0.843  1.000 


*******************************************************************************
Thu Dec 16 10:10:53 2021


FIT:    data read from 'dd_dblp.dat' using ($1):($2)
        format = x:z
        #datapoints = 199
        residuals are weighted equally (unit weight)

function used for fitting: f(x)
	f(x) = lc - gamma * x
fitted parameters initialized with current variable values

iter      chisq       delta/lim  lambda   lc            gamma        
   0 3.0340833490e+06   0.00e+00  8.79e+01    1.000000e+00   1.000000e+00
   5 8.8988901950e-02  -6.52e-05  8.79e-04    1.660871e-02   1.104997e-04

After 5 iterations the fit converged.
final sum of squares of residuals : 0.0889889
rel. change during last iteration : -6.51672e-10

degrees of freedom    (FIT_NDF)                        : 197
rms of residuals      (FIT_STDFIT) = sqrt(WSSR/ndf)    : 0.0212537
variance of residuals (reduced chisquare) = WSSR/ndf   : 0.00045172

Final set of parameters            Asymptotic Standard Error
=======================            ==========================
lc              = 0.0166087        +/- 0.002803     (16.88%)
gamma           = 0.0001105        +/- 2.254e-05    (20.4%)

correlation matrix of the fit parameters:
                lc     gamma  
lc              1.000 
gamma           0.843  1.000 


*******************************************************************************
Thu Dec 16 10:11:13 2021


FIT:    data read from 'dd_dblp.dat' using ($1):($2)
        format = x:z
        #datapoints = 199
        residuals are weighted equally (unit weight)

function used for fitting: f(x)
	f(x) = lc - gamma * x
fitted parameters initialized with current variable values

iter      chisq       delta/lim  lambda   lc            gamma        
   0 3.0340833490e+06   0.00e+00  8.79e+01    1.000000e+00   1.000000e+00
   5 8.8988901950e-02  -6.52e-05  8.79e-04    1.660871e-02   1.104997e-04

After 5 iterations the fit converged.
final sum of squares of residuals : 0.0889889
rel. change during last iteration : -6.51672e-10

degrees of freedom    (FIT_NDF)                        : 197
rms of residuals      (FIT_STDFIT) = sqrt(WSSR/ndf)    : 0.0212537
variance of residuals (reduced chisquare) = WSSR/ndf   : 0.00045172

Final set of parameters            Asymptotic Standard Error
=======================            ==========================
lc              = 0.0166087        +/- 0.002803     (16.88%)
gamma           = 0.0001105        +/- 2.254e-05    (20.4%)

correlation matrix of the fit parameters:
                lc     gamma  
lc              1.000 
gamma           0.843  1.000 


*******************************************************************************
Thu Dec 16 10:12:30 2021


FIT:    data read from 'dd_dblp.dat' using ($1):($2)
        format = x:z
        x range restricted to [0.00000 : 0.400000]
BREAK: No data to fit

*******************************************************************************
Thu Dec 16 10:12:50 2021


FIT:    data read from 'dd_dblp.dat' using ($1):($2)
        format = x:z
        x range restricted to [0.00000 : 0.500000]
BREAK: No data to fit

*******************************************************************************
Thu Dec 16 10:13:01 2021


FIT:    data read from 'dd_dblp.dat' using ($1):($2)
        format = x:z
        #datapoints = 199
        residuals are weighted equally (unit weight)

function used for fitting: f(x)
	f(x) = lc - gamma * x
fitted parameters initialized with current variable values

iter      chisq       delta/lim  lambda   lc            gamma        
   0 3.0340833490e+06   0.00e+00  8.79e+01    1.000000e+00   1.000000e+00
   5 8.8988901950e-02  -6.52e-05  8.79e-04    1.660871e-02   1.104997e-04

After 5 iterations the fit converged.
final sum of squares of residuals : 0.0889889
rel. change during last iteration : -6.51672e-10

degrees of freedom    (FIT_NDF)                        : 197
rms of residuals      (FIT_STDFIT) = sqrt(WSSR/ndf)    : 0.0212537
variance of residuals (reduced chisquare) = WSSR/ndf   : 0.00045172

Final set of parameters            Asymptotic Standard Error
=======================            ==========================
lc              = 0.0166087        +/- 0.002803     (16.88%)
gamma           = 0.0001105        +/- 2.254e-05    (20.4%)

correlation matrix of the fit parameters:
                lc     gamma  
lc              1.000 
gamma           0.843  1.000 


*******************************************************************************
Thu Dec 16 10:13:18 2021


FIT:    data read from 'dd_dblp.dat' using ($1):($2)
        format = x:z
        #datapoints = 199
        residuals are weighted equally (unit weight)

function used for fitting: f(x)
	f(x) = lc - gamma * x
fitted parameters initialized with current variable values

iter      chisq       delta/lim  lambda   lc            gamma        
   0 3.0340833490e+06   0.00e+00  8.79e+01    1.000000e+00   1.000000e+00
   5 8.8988901950e-02  -6.52e-05  8.79e-04    1.660871e-02   1.104997e-04

After 5 iterations the fit converged.
final sum of squares of residuals : 0.0889889
rel. change during last iteration : -6.51672e-10

degrees of freedom    (FIT_NDF)                        : 197
rms of residuals      (FIT_STDFIT) = sqrt(WSSR/ndf)    : 0.0212537
variance of residuals (reduced chisquare) = WSSR/ndf   : 0.00045172

Final set of parameters            Asymptotic Standard Error
=======================            ==========================
lc              = 0.0166087        +/- 0.002803     (16.88%)
gamma           = 0.0001105        +/- 2.254e-05    (20.4%)

correlation matrix of the fit parameters:
                lc     gamma  
lc              1.000 
gamma           0.843  1.000 


*******************************************************************************
Thu Dec 16 10:13:35 2021


FIT:    data read from 'dd_dblp.dat' using ($1):($2)
        format = x:z
        #datapoints = 199
        residuals are weighted equally (unit weight)

function used for fitting: f(x)
	f(x) = lc - gamma * x
fitted parameters initialized with current variable values

iter      chisq       delta/lim  lambda   lc            gamma        
   0 3.0340833490e+06   0.00e+00  8.79e+01    1.000000e+00   1.000000e+00
   5 8.8988901950e-02  -6.52e-05  8.79e-04    1.660871e-02   1.104997e-04

After 5 iterations the fit converged.
final sum of squares of residuals : 0.0889889
rel. change during last iteration : -6.51672e-10

degrees of freedom    (FIT_NDF)                        : 197
rms of residuals      (FIT_STDFIT) = sqrt(WSSR/ndf)    : 0.0212537
variance of residuals (reduced chisquare) = WSSR/ndf   : 0.00045172

Final set of parameters            Asymptotic Standard Error
=======================            ==========================
lc              = 0.0166087        +/- 0.002803     (16.88%)
gamma           = 0.0001105        +/- 2.254e-05    (20.4%)

correlation matrix of the fit parameters:
                lc     gamma  
lc              1.000 
gamma           0.843  1.000 


*******************************************************************************
Thu Dec 16 10:14:18 2021


FIT:    data read from 'dd_dblp.dat' using ($1):($2)
        format = x:z
        x range restricted to [0.00000 : 250.000]
        #datapoints = 194
        residuals are weighted equally (unit weight)

function used for fitting: f(x)
	f(x) = lc - gamma * x
fitted parameters initialized with current variable values

iter      chisq       delta/lim  lambda   lc            gamma        
   0 2.6055803398e+06   0.00e+00  8.26e+01    1.000000e+00   1.000000e+00
   5 8.7332960775e-02  -5.43e-05  8.26e-04    1.841046e-02   1.325658e-04

After 5 iterations the fit converged.
final sum of squares of residuals : 0.087333
rel. change during last iteration : -5.43255e-10

degrees of freedom    (FIT_NDF)                        : 192
rms of residuals      (FIT_STDFIT) = sqrt(WSSR/ndf)    : 0.0213274
variance of residuals (reduced chisquare) = WSSR/ndf   : 0.000454859

Final set of parameters            Asymptotic Standard Error
=======================            ==========================
lc              = 0.0184105        +/- 0.002967     (16.11%)
gamma           = 0.000132566      +/- 2.541e-05    (19.17%)

correlation matrix of the fit parameters:
                lc     gamma  
lc              1.000 
gamma           0.857  1.000 


*******************************************************************************
Thu Dec 16 10:14:36 2021


FIT:    data read from 'dd_dblp.dat' using ($1):($2)
        format = x:z
        x range restricted to [0.00000 : 250.000]
        #datapoints = 194
        residuals are weighted equally (unit weight)

function used for fitting: f(x)
	f(x) = lc - gamma * x
fitted parameters initialized with current variable values

iter      chisq       delta/lim  lambda   lc            gamma        
   0 2.6055803398e+06   0.00e+00  8.26e+01    1.000000e+00   1.000000e+00
   5 8.7332960775e-02  -5.43e-05  8.26e-04    1.841046e-02   1.325658e-04

After 5 iterations the fit converged.
final sum of squares of residuals : 0.087333
rel. change during last iteration : -5.43255e-10

degrees of freedom    (FIT_NDF)                        : 192
rms of residuals      (FIT_STDFIT) = sqrt(WSSR/ndf)    : 0.0213274
variance of residuals (reduced chisquare) = WSSR/ndf   : 0.000454859

Final set of parameters            Asymptotic Standard Error
=======================            ==========================
lc              = 0.0184105        +/- 0.002967     (16.11%)
gamma           = 0.000132566      +/- 2.541e-05    (19.17%)

correlation matrix of the fit parameters:
                lc     gamma  
lc              1.000 
gamma           0.857  1.000 


*******************************************************************************
Thu Dec 16 10:14:55 2021


FIT:    data read from 'dd_dblp.dat' using ($1):($2)
        format = x:z
        x range restricted to [0.00000 : 250.000]
        #datapoints = 194
        residuals are weighted equally (unit weight)

function used for fitting: f(x)
	f(x) = lc - gamma * x
fitted parameters initialized with current variable values

iter      chisq       delta/lim  lambda   lc            gamma        
   0 2.6055803398e+06   0.00e+00  8.26e+01    1.000000e+00   1.000000e+00
   5 8.7332960775e-02  -5.43e-05  8.26e-04    1.841046e-02   1.325658e-04

After 5 iterations the fit converged.
final sum of squares of residuals : 0.087333
rel. change during last iteration : -5.43255e-10

degrees of freedom    (FIT_NDF)                        : 192
rms of residuals      (FIT_STDFIT) = sqrt(WSSR/ndf)    : 0.0213274
variance of residuals (reduced chisquare) = WSSR/ndf   : 0.000454859

Final set of parameters            Asymptotic Standard Error
=======================            ==========================
lc              = 0.0184105        +/- 0.002967     (16.11%)
gamma           = 0.000132566      +/- 2.541e-05    (19.17%)

correlation matrix of the fit parameters:
                lc     gamma  
lc              1.000 
gamma           0.857  1.000 


*******************************************************************************
Thu Dec 16 10:15:12 2021


FIT:    data read from 'dd_dblp.dat' using ($1):($2)
        format = x:z
        x range restricted to [0.00000 : 250.000]
        #datapoints = 194
        residuals are weighted equally (unit weight)

function used for fitting: f(x)
	f(x) = lc - gamma * x
fitted parameters initialized with current variable values

iter      chisq       delta/lim  lambda   lc            gamma        
   0 2.6055803398e+06   0.00e+00  8.26e+01    1.000000e+00   1.000000e+00
   5 8.7332960775e-02  -5.43e-05  8.26e-04    1.841046e-02   1.325658e-04

After 5 iterations the fit converged.
final sum of squares of residuals : 0.087333
rel. change during last iteration : -5.43255e-10

degrees of freedom    (FIT_NDF)                        : 192
rms of residuals      (FIT_STDFIT) = sqrt(WSSR/ndf)    : 0.0213274
variance of residuals (reduced chisquare) = WSSR/ndf   : 0.000454859

Final set of parameters            Asymptotic Standard Error
=======================            ==========================
lc              = 0.0184105        +/- 0.002967     (16.11%)
gamma           = 0.000132566      +/- 2.541e-05    (19.17%)

correlation matrix of the fit parameters:
                lc     gamma  
lc              1.000 
gamma           0.857  1.000 


*******************************************************************************
Thu Dec 16 10:17:53 2021


FIT:    data read from 'dd_dblp.dat' using ($1):($2)
        format = x:z
        x range restricted to [0.00000 : 100.000]
        #datapoints = 100
        residuals are weighted equally (unit weight)

function used for fitting: f(x)
	f(x) = lc - gamma * x
fitted parameters initialized with current variable values

iter      chisq       delta/lim  lambda   lc            gamma        
   0 3.2836091855e+05   0.00e+00  4.11e+01    1.000000e+00   1.000000e+00
   5 7.1655922061e-02  -1.17e-06  4.11e-04    3.665513e-02   5.281610e-04

After 5 iterations the fit converged.
final sum of squares of residuals : 0.0716559
rel. change during last iteration : -1.16637e-11

degrees of freedom    (FIT_NDF)                        : 98
rms of residuals      (FIT_STDFIT) = sqrt(WSSR/ndf)    : 0.0270404
variance of residuals (reduced chisquare) = WSSR/ndf   : 0.000731183

Final set of parameters            Asymptotic Standard Error
=======================            ==========================
lc              = 0.0366551        +/- 0.005449     (14.87%)
gamma           = 0.000528161      +/- 9.368e-05    (17.74%)

correlation matrix of the fit parameters:
                lc     gamma  
lc              1.000 
gamma           0.868  1.000 


*******************************************************************************
Thu Dec 16 10:18:06 2021


FIT:    data read from 'dd_dblp.dat' using ($1):($2)
        format = x:z
        x range restricted to [0.00000 : 50.0000]
        #datapoints = 50
        residuals are weighted equally (unit weight)

function used for fitting: f(x)
	f(x) = lc - gamma * x
fitted parameters initialized with current variable values

iter      chisq       delta/lim  lambda   lc            gamma        
   0 4.0434934490e+04   0.00e+00  2.07e+01    1.000000e+00   1.000000e+00
   5 4.9251801533e-02  -2.32e-08  2.07e-04    6.721741e-02   1.858980e-03

After 5 iterations the fit converged.
final sum of squares of residuals : 0.0492518
rel. change during last iteration : -2.31758e-13

degrees of freedom    (FIT_NDF)                        : 48
rms of residuals      (FIT_STDFIT) = sqrt(WSSR/ndf)    : 0.0320325
variance of residuals (reduced chisquare) = WSSR/ndf   : 0.00102608

Final set of parameters            Asymptotic Standard Error
=======================            ==========================
lc              = 0.0672174        +/- 0.009198     (13.68%)
gamma           = 0.00185898       +/- 0.0003139    (16.89%)

correlation matrix of the fit parameters:
                lc     gamma  
lc              1.000 
gamma           0.870  1.000 


*******************************************************************************
Thu Dec 16 10:18:18 2021


FIT:    data read from 'dd_dblp.dat' using ($1):($2)
        format = x:z
        x range restricted to [0.00000 : 50.0000]
        #datapoints = 50
        residuals are weighted equally (unit weight)

function used for fitting: f(x)
	f(x) = lc - gamma * x
fitted parameters initialized with current variable values

iter      chisq       delta/lim  lambda   lc            gamma        
   0 4.0434934490e+04   0.00e+00  2.07e+01    1.000000e+00   1.000000e+00
   5 4.9251801533e-02  -2.32e-08  2.07e-04    6.721741e-02   1.858980e-03

After 5 iterations the fit converged.
final sum of squares of residuals : 0.0492518
rel. change during last iteration : -2.31758e-13

degrees of freedom    (FIT_NDF)                        : 48
rms of residuals      (FIT_STDFIT) = sqrt(WSSR/ndf)    : 0.0320325
variance of residuals (reduced chisquare) = WSSR/ndf   : 0.00102608

Final set of parameters            Asymptotic Standard Error
=======================            ==========================
lc              = 0.0672174        +/- 0.009198     (13.68%)
gamma           = 0.00185898       +/- 0.0003139    (16.89%)

correlation matrix of the fit parameters:
                lc     gamma  
lc              1.000 
gamma           0.870  1.000 


*******************************************************************************
Thu Dec 16 10:20:34 2021


FIT:    data read from 'dd_dblp.dat' using (log($1)):(log($2))
        format = x:z
        x range restricted to [0.00000 : 50.0000]
        #datapoints = 199
        residuals are weighted equally (unit weight)

function used for fitting: f(x)
	f(x) = lc - gamma * x
fitted parameters initialized with current variable values

iter      chisq       delta/lim  lambda   lc            gamma        
   0 7.9039213112e+03   0.00e+00  3.22e+00    1.000000e+00   1.000000e+00
   4 7.3562572818e+01  -1.58e-08  3.22e-04    2.342979e+00   2.705555e+00

After 4 iterations the fit converged.
final sum of squares of residuals : 73.5626
rel. change during last iteration : -1.58215e-13

degrees of freedom    (FIT_NDF)                        : 197
rms of residuals      (FIT_STDFIT) = sqrt(WSSR/ndf)    : 0.611076
variance of residuals (reduced chisquare) = WSSR/ndf   : 0.373414

Final set of parameters            Asymptotic Standard Error
=======================            ==========================
lc              = 2.34298          +/- 0.1971       (8.414%)
gamma           = 2.70556          +/- 0.04438      (1.64%)

correlation matrix of the fit parameters:
                lc     gamma  
lc              1.000 
gamma           0.976  1.000 


*******************************************************************************
Thu Dec 16 10:24:40 2021


FIT:    data read from 'dd_dblp.dat' using (log($1)):(log($2))
        format = x:z
        #datapoints = 199
        residuals are weighted equally (unit weight)

function used for fitting: f(x)
	f(x) = lc - gamma * x
fitted parameters initialized with current variable values

iter      chisq       delta/lim  lambda   lc            gamma        
   0 7.9039213112e+03   0.00e+00  3.22e+00    1.000000e+00   1.000000e+00
   4 7.3562572818e+01  -1.58e-08  3.22e-04    2.342979e+00   2.705555e+00

After 4 iterations the fit converged.
final sum of squares of residuals : 73.5626
rel. change during last iteration : -1.58215e-13

degrees of freedom    (FIT_NDF)                        : 197
rms of residuals      (FIT_STDFIT) = sqrt(WSSR/ndf)    : 0.611076
variance of residuals (reduced chisquare) = WSSR/ndf   : 0.373414

Final set of parameters            Asymptotic Standard Error
=======================            ==========================
lc              = 2.34298          +/- 0.1971       (8.414%)
gamma           = 2.70556          +/- 0.04438      (1.64%)

correlation matrix of the fit parameters:
                lc     gamma  
lc              1.000 
gamma           0.976  1.000 


*******************************************************************************
Thu Dec 16 10:24:44 2021


FIT:    data read from 'dd_dblp.dat' using (log($1)):(log($2))
        format = x:z
        x range restricted to [0.00000 : 50.0000]
        #datapoints = 199
        residuals are weighted equally (unit weight)

function used for fitting: f(x)
	f(x) = lc - gamma * x
fitted parameters initialized with current variable values

iter      chisq       delta/lim  lambda   lc            gamma        
   0 7.9039213112e+03   0.00e+00  3.22e+00    1.000000e+00   1.000000e+00
   4 7.3562572818e+01  -1.58e-08  3.22e-04    2.342979e+00   2.705555e+00

After 4 iterations the fit converged.
final sum of squares of residuals : 73.5626
rel. change during last iteration : -1.58215e-13

degrees of freedom    (FIT_NDF)                        : 197
rms of residuals      (FIT_STDFIT) = sqrt(WSSR/ndf)    : 0.611076
variance of residuals (reduced chisquare) = WSSR/ndf   : 0.373414

Final set of parameters            Asymptotic Standard Error
=======================            ==========================
lc              = 2.34298          +/- 0.1971       (8.414%)
gamma           = 2.70556          +/- 0.04438      (1.64%)

correlation matrix of the fit parameters:
                lc     gamma  
lc              1.000 
gamma           0.976  1.000 
